<?xml version="1.0" encoding="UTF-8"?>
<testsuite xmlns:xsi="http://www.w3.org/2001/XMLSchema-instance" xsi:noNamespaceSchemaLocation="https://maven.apache.org/surefire/maven-surefire-plugin/xsd/surefire-test-report.xsd" name="mine.AppTest" time="0.096" tests="1" errors="0" skipped="0" failures="0">
  <properties>
    <property name="sun.desktop" value="windows"/>
    <property name="awt.toolkit" value="sun.awt.windows.WToolkit"/>
    <property name="file.encoding.pkg" value="sun.io"/>
    <property name="java.specification.version" value="1.8"/>
    <property name="sun.cpu.isalist" value="pentium_pro+mmx pentium_pro pentium+mmx pentium i486 i386 i86"/>
    <property name="sun.jnu.encoding" value="Cp1252"/>
    <property name="java.class.path" value="F:\MVN\free\target\test-classes;F:\MVN\free\target\classes;C:\Users\srinu\.m2\repository\junit\junit\4.11\junit-4.11.jar;C:\Users\srinu\.m2\repository\org\hamcrest\hamcrest-core\1.3\hamcrest-core-1.3.jar;"/>
    <property name="java.vm.vendor" value="Oracle Corporation"/>
    <property name="sun.arch.data.model" value="32"/>
    <property name="user.variant" value=""/>
    <property name="java.vendor.url" value="http://java.oracle.com/"/>
    <property name="user.timezone" value="Asia/Calcutta"/>
    <property name="java.vm.specification.version" value="1.8"/>
    <property name="os.name" value="Windows 10"/>
    <property name="user.country" value="US"/>
    <property name="sun.java.launcher" value="SUN_STANDARD"/>
    <property name="sun.boot.library.path" value="C:\Program Files (x86)\Java\jdk1.8.0_281\jre\bin"/>
    <property name="sun.java.command" value="C:\Users\srinu\AppData\Local\Temp\surefire1445581480661238343\surefirebooter6806282766682601473.jar C:\Users\srinu\AppData\Local\Temp\surefire1445581480661238343 2021-04-04T17-06-20_313-jvmRun1 surefire5157945115280937676tmp surefire_02526828202586332974tmp"/>
    <property name="surefire.test.class.path" value="F:\MVN\free\target\test-classes;F:\MVN\free\target\classes;C:\Users\srinu\.m2\repository\junit\junit\4.11\junit-4.11.jar;C:\Users\srinu\.m2\repository\org\hamcrest\hamcrest-core\1.3\hamcrest-core-1.3.jar;"/>
    <property name="sun.cpu.endian" value="little"/>
    <property name="user.home" value="C:\Users\srinu"/>
    <property name="user.language" value="en"/>
    <property name="java.specification.vendor" value="Oracle Corporation"/>
    <property name="java.home" value="C:\Program Files (x86)\Java\jdk1.8.0_281\jre"/>
    <property name="basedir" value="F:\MVN\free"/>
    <property name="file.separator" value="\"/>
    <property name="line.separator" value="&#10;"/>
    <property name="java.vm.specification.vendor" value="Oracle Corporation"/>
    <property name="java.specification.name" value="Java Platform API Specification"/>
    <property name="java.awt.graphicsenv" value="sun.awt.Win32GraphicsEnvironment"/>
    <property name="surefire.real.class.path" value="C:\Users\srinu\AppData\Local\Temp\surefire1445581480661238343\surefirebooter6806282766682601473.jar"/>
    <property name="sun.boot.class.path" value="C:\Program Files (x86)\Java\jdk1.8.0_281\jre\lib\resources.jar;C:\Program Files (x86)\Java\jdk1.8.0_281\jre\lib\rt.jar;C:\Program Files (x86)\Java\jdk1.8.0_281\jre\lib\sunrsasign.jar;C:\Program Files (x86)\Java\jdk1.8.0_281\jre\lib\jsse.jar;C:\Program Files (x86)\Java\jdk1.8.0_281\jre\lib\jce.jar;C:\Program Files (x86)\Java\jdk1.8.0_281\jre\lib\charsets.jar;C:\Program Files (x86)\Java\jdk1.8.0_281\jre\lib\jfr.jar;C:\Program Files (x86)\Java\jdk1.8.0_281\jre\classes"/>
    <property name="user.script" value=""/>
    <property name="sun.management.compiler" value="HotSpot Client Compiler"/>
    <property name="java.runtime.version" value="1.8.0_281-b09"/>
    <property name="user.name" value="srinu"/>
    <property name="path.separator" value=";"/>
    <property name="os.version" value="10.0"/>
    <property name="java.endorsed.dirs" value="C:\Program Files (x86)\Java\jdk1.8.0_281\jre\lib\endorsed"/>
    <property name="java.runtime.name" value="Java(TM) SE Runtime Environment"/>
    <property name="file.encoding" value="Cp1252"/>
    <property name="java.vm.name" value="Java HotSpot(TM) Client VM"/>
    <property name="localRepository" value="C:\Users\srinu\.m2\repository"/>
    <property name="java.vendor.url.bug" value="http://bugreport.sun.com/bugreport/"/>
    <property name="java.io.tmpdir" value="C:\Users\srinu\AppData\Local\Temp\"/>
    <property name="java.version" value="1.8.0_281"/>
    <property name="user.dir" value="F:\MVN\free"/>
    <property name="os.arch" value="x86"/>
    <property name="java.vm.specification.name" value="Java Virtual Machine Specification"/>
    <property name="java.awt.printerjob" value="sun.awt.windows.WPrinterJob"/>
    <property name="sun.os.patch.level" value=""/>
    <property name="java.library.path" value="C:\Program Files (x86)\Java\jdk1.8.0_281\jre\bin;C:\Windows\Sun\Java\bin;C:\Windows\system32;C:\Windows;C:\Program Files (x86)\Common Files\Oracle\Java\javapath;C:\Windows\system32;C:\Windows;C:\Windows\System32\Wbem;C:\Windows\System32\WindowsPowerShell\v1.0\;C:\Windows\System32\OpenSSH\;C:\Program Files\PuTTY\;C:\Program Files\Git\cmd;C:\Program Files\Amazon\AWSCLI\bin\;C:\Program Files (x86)\Notepad++;C:\Program Files (x86)\Perforce\;C:\Program Files (x86)\Perforce;C:\Program Files (x86)\Java\jdk1.8.0_281\bin;B:\maven\apache-maven-3.6.3-bin\apache-maven-3.6.3\bin;B:\jenkins-2.222.1;B:\sonar\sonar-scanner-cli-4.6.0.2311-windows\sonar-scanner-4.6.0.2311-windows\bin;C:\Users\srinu\AppData\Local\Microsoft\WindowsApps;;."/>
    <property name="java.vm.info" value="mixed mode"/>
    <property name="java.vendor" value="Oracle Corporation"/>
    <property name="java.vm.version" value="25.281-b09"/>
    <property name="java.ext.dirs" value="C:\Program Files (x86)\Java\jdk1.8.0_281\jre\lib\ext;C:\Windows\Sun\Java\lib\ext"/>
    <property name="sun.io.unicode.encoding" value="UnicodeLittle"/>
    <property name="java.class.version" value="52.0"/>
  </properties>
  <testcase name="shouldAnswerWithTrue" classname="mine.AppTest" time="0.001"/>
</testsuite>